<?xml version="1.0" encoding="UTF-8"?>
<testng-results skipped="0" failed="0" ignored="0" total="1" passed="1">
  <reporter-output>
  </reporter-output>
  <suite name="Default suite" duration-ms="39948" started-at="2020-03-21T20:00:15 CDT" finished-at="2020-03-21T20:00:55 CDT">
    <groups>
    </groups>
    <test name="Default test" duration-ms="39948" started-at="2020-03-21T20:00:15 CDT" finished-at="2020-03-21T20:00:55 CDT">
      <class name="ExtentReporV2.VerifyTitle">
        <test-method status="PASS" signature="verifyBlogTitle()[pri:0, instance:ExtentReporV2.VerifyTitle@614ddd49]" name="verifyBlogTitle" duration-ms="33008" started-at="2020-03-21T20:00:15 CDT" finished-at="2020-03-21T20:00:48 CDT">
          <reporter-output>
          </reporter-output>
        </test-method> <!-- verifyBlogTitle -->
        <test-method status="PASS" signature="tearDown(org.testng.ITestResult)[pri:0, instance:ExtentReporV2.VerifyTitle@614ddd49]" name="tearDown" is-config="true" duration-ms="6832" started-at="2020-03-21T20:00:48 CDT" finished-at="2020-03-21T20:00:55 CDT">
          <params>
            <param index="0">
              <value>
                <![CDATA[[TestResult name=verifyBlogTitle status=SUCCESS method=VerifyTitle.verifyBlogTitle()[pri:0, instance:ExtentReporV2.VerifyTitle@614ddd49] output={null}]]]>
              </value>
            </param>
          </params>
          <reporter-output>
          </reporter-output>
        </test-method> <!-- tearDown -->
      </class> <!-- ExtentReporV2.VerifyTitle -->
    </test> <!-- Default test -->
  </suite> <!-- Default suite -->
</testng-results>
